{"/Users/giovanni.spolidorio/Documents/Projects/Flux/flux-validator-js/utils/utils.js": {"path":"/Users/giovanni.spolidorio/Documents/Projects/Flux/flux-validator-js/utils/utils.js","statementMap":{"0":{"start":{"line":1,"column":21},"end":{"line":1,"column":25}},"1":{"start":{"line":5,"column":4},"end":{"line":5,"column":20}},"2":{"start":{"line":7,"column":4},"end":{"line":10,"column":5}},"3":{"start":{"line":8,"column":20},"end":{"line":8,"column":41}},"4":{"start":{"line":9,"column":6},"end":{"line":9,"column":56}},"5":{"start":{"line":11,"column":4},"end":{"line":11,"column":15}},"6":{"start":{"line":15,"column":4},"end":{"line":15,"column":48}},"7":{"start":{"line":19,"column":4},"end":{"line":19,"column":46}},"8":{"start":{"line":23,"column":4},"end":{"line":23,"column":24}},"9":{"start":{"line":23,"column":15},"end":{"line":23,"column":24}},"10":{"start":{"line":24,"column":4},"end":{"line":24,"column":42}},"11":{"start":{"line":28,"column":4},"end":{"line":28,"column":23}},"12":{"start":{"line":29,"column":4},"end":{"line":29,"column":29}},"13":{"start":{"line":30,"column":4},"end":{"line":30,"column":29}},"14":{"start":{"line":31,"column":4},"end":{"line":31,"column":29}},"15":{"start":{"line":32,"column":4},"end":{"line":32,"column":29}},"16":{"start":{"line":33,"column":4},"end":{"line":33,"column":29}},"17":{"start":{"line":35,"column":4},"end":{"line":35,"column":29}},"18":{"start":{"line":36,"column":4},"end":{"line":36,"column":29}},"19":{"start":{"line":37,"column":4},"end":{"line":37,"column":29}},"20":{"start":{"line":38,"column":4},"end":{"line":38,"column":29}},"21":{"start":{"line":40,"column":4},"end":{"line":40,"column":29}},"22":{"start":{"line":41,"column":4},"end":{"line":41,"column":29}},"23":{"start":{"line":42,"column":4},"end":{"line":42,"column":29}},"24":{"start":{"line":43,"column":4},"end":{"line":43,"column":29}},"25":{"start":{"line":45,"column":4},"end":{"line":45,"column":29}},"26":{"start":{"line":46,"column":4},"end":{"line":46,"column":29}},"27":{"start":{"line":47,"column":4},"end":{"line":47,"column":29}},"28":{"start":{"line":48,"column":4},"end":{"line":48,"column":29}},"29":{"start":{"line":49,"column":4},"end":{"line":49,"column":29}},"30":{"start":{"line":51,"column":4},"end":{"line":51,"column":29}},"31":{"start":{"line":52,"column":4},"end":{"line":52,"column":29}},"32":{"start":{"line":53,"column":4},"end":{"line":53,"column":29}},"33":{"start":{"line":54,"column":4},"end":{"line":54,"column":29}},"34":{"start":{"line":56,"column":4},"end":{"line":56,"column":29}},"35":{"start":{"line":58,"column":4},"end":{"line":58,"column":29}},"36":{"start":{"line":60,"column":4},"end":{"line":64,"column":5}},"37":{"start":{"line":61,"column":6},"end":{"line":63,"column":21}}},"fnMap":{"0":{"name":"(anonymous_0)","decl":{"start":{"line":4,"column":2},"end":{"line":4,"column":3}},"loc":{"start":{"line":4,"column":33},"end":{"line":12,"column":3}},"line":4},"1":{"name":"(anonymous_1)","decl":{"start":{"line":14,"column":2},"end":{"line":14,"column":3}},"loc":{"start":{"line":14,"column":27},"end":{"line":16,"column":3}},"line":14},"2":{"name":"(anonymous_2)","decl":{"start":{"line":18,"column":2},"end":{"line":18,"column":3}},"loc":{"start":{"line":18,"column":27},"end":{"line":20,"column":3}},"line":18},"3":{"name":"(anonymous_3)","decl":{"start":{"line":22,"column":2},"end":{"line":22,"column":3}},"loc":{"start":{"line":22,"column":25},"end":{"line":25,"column":3}},"line":22},"4":{"name":"(anonymous_4)","decl":{"start":{"line":27,"column":2},"end":{"line":27,"column":3}},"loc":{"start":{"line":27,"column":14},"end":{"line":65,"column":3}},"line":27}},"branchMap":{"0":{"loc":{"start":{"line":15,"column":11},"end":{"line":15,"column":48}},"type":"binary-expr","locations":[{"start":{"line":15,"column":11},"end":{"line":15,"column":25}},{"start":{"line":15,"column":29},"end":{"line":15,"column":48}}],"line":15},"1":{"loc":{"start":{"line":23,"column":4},"end":{"line":23,"column":24}},"type":"if","locations":[{"start":{"line":23,"column":4},"end":{"line":23,"column":24}},{"start":{"line":23,"column":4},"end":{"line":23,"column":24}}],"line":23}},"s":{"0":17,"1":1,"2":1,"3":48,"4":48,"5":1,"6":14,"7":80,"8":142,"9":1,"10":141,"11":1,"12":1,"13":1,"14":1,"15":1,"16":1,"17":1,"18":1,"19":1,"20":1,"21":1,"22":1,"23":1,"24":1,"25":1,"26":1,"27":1,"28":1,"29":1,"30":1,"31":1,"32":1,"33":1,"34":1,"35":1,"36":1,"37":24},"f":{"0":1,"1":14,"2":80,"3":142,"4":1},"b":{"0":[14,12],"1":[1,141]},"_coverageSchema":"43e27e138ebf9cfc5966b082cf9a028302ed4184","hash":"9e428317d872fb70151daa5093466f69e3ed22ab"}
,"/Users/giovanni.spolidorio/Documents/Projects/Flux/flux-validator-js/validations/carPlate.js": {"path":"/Users/giovanni.spolidorio/Documents/Projects/Flux/flux-validator-js/validations/carPlate.js","statementMap":{"0":{"start":{"line":7,"column":14},"end":{"line":10,"column":3}},"1":{"start":{"line":12,"column":14},"end":{"line":12,"column":36}},"2":{"start":{"line":13,"column":2},"end":{"line":13,"column":39}},"3":{"start":{"line":15,"column":2},"end":{"line":15,"column":56}},"4":{"start":{"line":15,"column":44},"end":{"line":15,"column":56}},"5":{"start":{"line":17,"column":25},"end":{"line":17,"column":41}},"6":{"start":{"line":19,"column":22},"end":{"line":19,"column":39}},"7":{"start":{"line":20,"column":22},"end":{"line":20,"column":37}},"8":{"start":{"line":21,"column":24},"end":{"line":21,"column":39}},"9":{"start":{"line":22,"column":23},"end":{"line":22,"column":40}},"10":{"start":{"line":24,"column":2},"end":{"line":26,"column":3}},"11":{"start":{"line":25,"column":4},"end":{"line":25,"column":16}},"12":{"start":{"line":27,"column":2},"end":{"line":29,"column":3}},"13":{"start":{"line":28,"column":4},"end":{"line":28,"column":16}},"14":{"start":{"line":30,"column":2},"end":{"line":32,"column":3}},"15":{"start":{"line":31,"column":4},"end":{"line":31,"column":16}},"16":{"start":{"line":33,"column":2},"end":{"line":35,"column":3}},"17":{"start":{"line":34,"column":4},"end":{"line":34,"column":16}},"18":{"start":{"line":37,"column":2},"end":{"line":37,"column":20}},"19":{"start":{"line":38,"column":2},"end":{"line":38,"column":14}}},"fnMap":{"0":{"name":"(anonymous_0)","decl":{"start":{"line":6,"column":15},"end":{"line":6,"column":16}},"loc":{"start":{"line":6,"column":32},"end":{"line":39,"column":1}},"line":6}},"branchMap":{"0":{"loc":{"start":{"line":15,"column":2},"end":{"line":15,"column":56}},"type":"if","locations":[{"start":{"line":15,"column":2},"end":{"line":15,"column":56}},{"start":{"line":15,"column":2},"end":{"line":15,"column":56}}],"line":15},"1":{"loc":{"start":{"line":15,"column":6},"end":{"line":15,"column":42}},"type":"binary-expr","locations":[{"start":{"line":15,"column":6},"end":{"line":15,"column":22}},{"start":{"line":15,"column":26},"end":{"line":15,"column":42}}],"line":15},"2":{"loc":{"start":{"line":24,"column":2},"end":{"line":26,"column":3}},"type":"if","locations":[{"start":{"line":24,"column":2},"end":{"line":26,"column":3}},{"start":{"line":24,"column":2},"end":{"line":26,"column":3}}],"line":24},"3":{"loc":{"start":{"line":27,"column":2},"end":{"line":29,"column":3}},"type":"if","locations":[{"start":{"line":27,"column":2},"end":{"line":29,"column":3}},{"start":{"line":27,"column":2},"end":{"line":29,"column":3}}],"line":27},"4":{"loc":{"start":{"line":30,"column":2},"end":{"line":32,"column":3}},"type":"if","locations":[{"start":{"line":30,"column":2},"end":{"line":32,"column":3}},{"start":{"line":30,"column":2},"end":{"line":32,"column":3}}],"line":30},"5":{"loc":{"start":{"line":33,"column":2},"end":{"line":35,"column":3}},"type":"if","locations":[{"start":{"line":33,"column":2},"end":{"line":35,"column":3}},{"start":{"line":33,"column":2},"end":{"line":35,"column":3}}],"line":33}},"s":{"0":14,"1":14,"2":14,"3":14,"4":3,"5":11,"6":11,"7":11,"8":11,"9":11,"10":11,"11":2,"12":9,"13":1,"14":8,"15":1,"16":7,"17":1,"18":6,"19":6},"f":{"0":14},"b":{"0":[3,11],"1":[14,14],"2":[2,9],"3":[1,8],"4":[1,7],"5":[1,6]},"_coverageSchema":"43e27e138ebf9cfc5966b082cf9a028302ed4184","hash":"361333a18562f53eaab76f4c9432ba3964e25e05"}
,"/Users/giovanni.spolidorio/Documents/Projects/Flux/flux-validator-js/validations/cep.js": {"path":"/Users/giovanni.spolidorio/Documents/Projects/Flux/flux-validator-js/validations/cep.js","statementMap":{"0":{"start":{"line":4,"column":14},"end":{"line":7,"column":3}},"1":{"start":{"line":9,"column":14},"end":{"line":9,"column":27}},"2":{"start":{"line":10,"column":12},"end":{"line":10,"column":41}},"3":{"start":{"line":12,"column":2},"end":{"line":12,"column":29}},"4":{"start":{"line":13,"column":2},"end":{"line":13,"column":14}}},"fnMap":{"0":{"name":"(anonymous_0)","decl":{"start":{"line":3,"column":15},"end":{"line":3,"column":16}},"loc":{"start":{"line":3,"column":32},"end":{"line":14,"column":1}},"line":3}},"branchMap":{},"s":{"0":7,"1":7,"2":7,"3":7,"4":7},"f":{"0":7},"b":{},"_coverageSchema":"43e27e138ebf9cfc5966b082cf9a028302ed4184","hash":"f1722e2579d80a319ff6da93317126583748d5df"}
,"/Users/giovanni.spolidorio/Documents/Projects/Flux/flux-validator-js/validations/cnh.js": {"path":"/Users/giovanni.spolidorio/Documents/Projects/Flux/flux-validator-js/validations/cnh.js","statementMap":{"0":{"start":{"line":4,"column":14},"end":{"line":7,"column":3}},"1":{"start":{"line":8,"column":12},"end":{"line":8,"column":43}},"2":{"start":{"line":9,"column":2},"end":{"line":9,"column":35}},"3":{"start":{"line":11,"column":2},"end":{"line":11,"column":54}},"4":{"start":{"line":11,"column":42},"end":{"line":11,"column":54}},"5":{"start":{"line":12,"column":2},"end":{"line":12,"column":41}},"6":{"start":{"line":12,"column":29},"end":{"line":12,"column":41}},"7":{"start":{"line":14,"column":10},"end":{"line":14,"column":11}},"8":{"start":{"line":15,"column":2},"end":{"line":17,"column":3}},"9":{"start":{"line":15,"column":15},"end":{"line":15,"column":16}},"10":{"start":{"line":15,"column":22},"end":{"line":15,"column":23}},"11":{"start":{"line":16,"column":4},"end":{"line":16,"column":29}},"12":{"start":{"line":19,"column":12},"end":{"line":19,"column":13}},"13":{"start":{"line":19,"column":21},"end":{"line":19,"column":27}},"14":{"start":{"line":20,"column":2},"end":{"line":23,"column":3}},"15":{"start":{"line":21,"column":4},"end":{"line":21,"column":11}},"16":{"start":{"line":22,"column":4},"end":{"line":22,"column":11}},"17":{"start":{"line":25,"column":2},"end":{"line":25,"column":7}},"18":{"start":{"line":26,"column":2},"end":{"line":28,"column":3}},"19":{"start":{"line":26,"column":15},"end":{"line":26,"column":16}},"20":{"start":{"line":26,"column":22},"end":{"line":26,"column":23}},"21":{"start":{"line":27,"column":4},"end":{"line":27,"column":29}},"22":{"start":{"line":30,"column":10},"end":{"line":30,"column":16}},"23":{"start":{"line":31,"column":12},"end":{"line":31,"column":33}},"24":{"start":{"line":33,"column":2},"end":{"line":33,"column":49}},"25":{"start":{"line":34,"column":2},"end":{"line":34,"column":14}}},"fnMap":{"0":{"name":"(anonymous_0)","decl":{"start":{"line":3,"column":15},"end":{"line":3,"column":16}},"loc":{"start":{"line":3,"column":32},"end":{"line":35,"column":1}},"line":3}},"branchMap":{"0":{"loc":{"start":{"line":11,"column":2},"end":{"line":11,"column":54}},"type":"if","locations":[{"start":{"line":11,"column":2},"end":{"line":11,"column":54}},{"start":{"line":11,"column":2},"end":{"line":11,"column":54}}],"line":11},"1":{"loc":{"start":{"line":11,"column":6},"end":{"line":11,"column":40}},"type":"binary-expr","locations":[{"start":{"line":11,"column":6},"end":{"line":11,"column":21}},{"start":{"line":11,"column":25},"end":{"line":11,"column":40}}],"line":11},"2":{"loc":{"start":{"line":12,"column":2},"end":{"line":12,"column":41}},"type":"if","locations":[{"start":{"line":12,"column":2},"end":{"line":12,"column":41}},{"start":{"line":12,"column":2},"end":{"line":12,"column":41}}],"line":12},"3":{"loc":{"start":{"line":20,"column":2},"end":{"line":23,"column":3}},"type":"if","locations":[{"start":{"line":20,"column":2},"end":{"line":23,"column":3}},{"start":{"line":20,"column":2},"end":{"line":23,"column":3}}],"line":20},"4":{"loc":{"start":{"line":31,"column":12},"end":{"line":31,"column":33}},"type":"cond-expr","locations":[{"start":{"line":31,"column":22},"end":{"line":31,"column":23}},{"start":{"line":31,"column":26},"end":{"line":31,"column":33}}],"line":31}},"s":{"0":9,"1":9,"2":9,"3":9,"4":1,"5":8,"6":1,"7":7,"8":7,"9":7,"10":7,"11":63,"12":7,"13":7,"14":7,"15":1,"16":1,"17":7,"18":7,"19":7,"20":7,"21":63,"22":7,"23":7,"24":7,"25":7},"f":{"0":9},"b":{"0":[1,8],"1":[9,9],"2":[1,7],"3":[1,6],"4":[1,6]},"_coverageSchema":"43e27e138ebf9cfc5966b082cf9a028302ed4184","hash":"8a9abe64c613b4d454244eeaa76beb0ce16fe1ac"}
,"/Users/giovanni.spolidorio/Documents/Projects/Flux/flux-validator-js/validations/cnpj.js": {"path":"/Users/giovanni.spolidorio/Documents/Projects/Flux/flux-validator-js/validations/cnpj.js","statementMap":{"0":{"start":{"line":4,"column":14},"end":{"line":7,"column":3}},"1":{"start":{"line":9,"column":13},"end":{"line":9,"column":44}},"2":{"start":{"line":10,"column":2},"end":{"line":10,"column":37}},"3":{"start":{"line":12,"column":2},"end":{"line":12,"column":56}},"4":{"start":{"line":12,"column":44},"end":{"line":12,"column":56}},"5":{"start":{"line":13,"column":2},"end":{"line":13,"column":42}},"6":{"start":{"line":13,"column":30},"end":{"line":13,"column":42}},"7":{"start":{"line":15,"column":10},"end":{"line":15,"column":25}},"8":{"start":{"line":16,"column":8},"end":{"line":16,"column":25}},"9":{"start":{"line":17,"column":9},"end":{"line":17,"column":30}},"10":{"start":{"line":18,"column":9},"end":{"line":18,"column":30}},"11":{"start":{"line":19,"column":11},"end":{"line":32,"column":5}},"12":{"start":{"line":20,"column":14},"end":{"line":20,"column":34}},"13":{"start":{"line":21,"column":12},"end":{"line":21,"column":17}},"14":{"start":{"line":22,"column":12},"end":{"line":22,"column":13}},"15":{"start":{"line":23,"column":12},"end":{"line":23,"column":13}},"16":{"start":{"line":25,"column":6},"end":{"line":28,"column":7}},"17":{"start":{"line":25,"column":19},"end":{"line":25,"column":20}},"18":{"start":{"line":26,"column":8},"end":{"line":26,"column":34}},"19":{"start":{"line":27,"column":8},"end":{"line":27,"column":24}},"20":{"start":{"line":27,"column":19},"end":{"line":27,"column":24}},"21":{"start":{"line":30,"column":6},"end":{"line":30,"column":23}},"22":{"start":{"line":31,"column":6},"end":{"line":31,"column":26}},"23":{"start":{"line":34,"column":2},"end":{"line":34,"column":52}},"24":{"start":{"line":35,"column":2},"end":{"line":35,"column":14}}},"fnMap":{"0":{"name":"(anonymous_0)","decl":{"start":{"line":3,"column":15},"end":{"line":3,"column":16}},"loc":{"start":{"line":3,"column":32},"end":{"line":36,"column":1}},"line":3},"1":{"name":"(anonymous_1)","decl":{"start":{"line":19,"column":11},"end":{"line":19,"column":12}},"loc":{"start":{"line":19,"column":16},"end":{"line":32,"column":5}},"line":19}},"branchMap":{"0":{"loc":{"start":{"line":12,"column":2},"end":{"line":12,"column":56}},"type":"if","locations":[{"start":{"line":12,"column":2},"end":{"line":12,"column":56}},{"start":{"line":12,"column":2},"end":{"line":12,"column":56}}],"line":12},"1":{"loc":{"start":{"line":12,"column":6},"end":{"line":12,"column":42}},"type":"binary-expr","locations":[{"start":{"line":12,"column":6},"end":{"line":12,"column":22}},{"start":{"line":12,"column":26},"end":{"line":12,"column":42}}],"line":12},"2":{"loc":{"start":{"line":13,"column":2},"end":{"line":13,"column":42}},"type":"if","locations":[{"start":{"line":13,"column":2},"end":{"line":13,"column":42}},{"start":{"line":13,"column":2},"end":{"line":13,"column":42}}],"line":13},"3":{"loc":{"start":{"line":27,"column":8},"end":{"line":27,"column":24}},"type":"if","locations":[{"start":{"line":27,"column":8},"end":{"line":27,"column":24}},{"start":{"line":27,"column":8},"end":{"line":27,"column":24}}],"line":27},"4":{"loc":{"start":{"line":31,"column":13},"end":{"line":31,"column":26}},"type":"cond-expr","locations":[{"start":{"line":31,"column":21},"end":{"line":31,"column":22}},{"start":{"line":31,"column":25},"end":{"line":31,"column":26}}],"line":31},"5":{"loc":{"start":{"line":34,"column":16},"end":{"line":34,"column":52}},"type":"binary-expr","locations":[{"start":{"line":34,"column":16},"end":{"line":34,"column":30}},{"start":{"line":34,"column":34},"end":{"line":34,"column":52}}],"line":34}},"s":{"0":25,"1":25,"2":25,"3":25,"4":12,"5":13,"6":4,"7":9,"8":9,"9":9,"10":9,"11":9,"12":18,"13":18,"14":18,"15":18,"16":18,"17":18,"18":225,"19":225,"20":36,"21":18,"22":18,"23":9,"24":9},"f":{"0":25,"1":18},"b":{"0":[12,13],"1":[25,24],"2":[4,9],"3":[36,189],"4":[4,14],"5":[9,9]},"_coverageSchema":"43e27e138ebf9cfc5966b082cf9a028302ed4184","hash":"104ad1edff81b96f708f397c3e8de345fd6e0aff"}
,"/Users/giovanni.spolidorio/Documents/Projects/Flux/flux-validator-js/validations/cpf.js": {"path":"/Users/giovanni.spolidorio/Documents/Projects/Flux/flux-validator-js/validations/cpf.js","statementMap":{"0":{"start":{"line":4,"column":14},"end":{"line":7,"column":3}},"1":{"start":{"line":9,"column":12},"end":{"line":9,"column":43}},"2":{"start":{"line":10,"column":2},"end":{"line":10,"column":35}},"3":{"start":{"line":12,"column":2},"end":{"line":12,"column":35}},"4":{"start":{"line":12,"column":23},"end":{"line":12,"column":35}},"5":{"start":{"line":13,"column":2},"end":{"line":13,"column":41}},"6":{"start":{"line":13,"column":29},"end":{"line":13,"column":41}},"7":{"start":{"line":17,"column":2},"end":{"line":17,"column":9}},"8":{"start":{"line":19,"column":2},"end":{"line":21,"column":3}},"9":{"start":{"line":19,"column":15},"end":{"line":19,"column":16}},"10":{"start":{"line":20,"column":4},"end":{"line":20,"column":60}},"11":{"start":{"line":22,"column":2},"end":{"line":22,"column":24}},"12":{"start":{"line":24,"column":2},"end":{"line":24,"column":42}},"13":{"start":{"line":24,"column":34},"end":{"line":24,"column":42}},"14":{"start":{"line":25,"column":2},"end":{"line":25,"column":59}},"15":{"start":{"line":25,"column":47},"end":{"line":25,"column":59}},"16":{"start":{"line":27,"column":2},"end":{"line":27,"column":9}},"17":{"start":{"line":28,"column":2},"end":{"line":30,"column":3}},"18":{"start":{"line":28,"column":15},"end":{"line":28,"column":16}},"19":{"start":{"line":29,"column":4},"end":{"line":29,"column":60}},"20":{"start":{"line":31,"column":2},"end":{"line":31,"column":24}},"21":{"start":{"line":33,"column":2},"end":{"line":33,"column":42}},"22":{"start":{"line":33,"column":34},"end":{"line":33,"column":42}},"23":{"start":{"line":34,"column":2},"end":{"line":34,"column":60}},"24":{"start":{"line":34,"column":48},"end":{"line":34,"column":60}},"25":{"start":{"line":36,"column":2},"end":{"line":36,"column":20}},"26":{"start":{"line":37,"column":2},"end":{"line":37,"column":14}}},"fnMap":{"0":{"name":"(anonymous_0)","decl":{"start":{"line":3,"column":15},"end":{"line":3,"column":16}},"loc":{"start":{"line":3,"column":32},"end":{"line":38,"column":1}},"line":3}},"branchMap":{"0":{"loc":{"start":{"line":12,"column":2},"end":{"line":12,"column":35}},"type":"if","locations":[{"start":{"line":12,"column":2},"end":{"line":12,"column":35}},{"start":{"line":12,"column":2},"end":{"line":12,"column":35}}],"line":12},"1":{"loc":{"start":{"line":13,"column":2},"end":{"line":13,"column":41}},"type":"if","locations":[{"start":{"line":13,"column":2},"end":{"line":13,"column":41}},{"start":{"line":13,"column":2},"end":{"line":13,"column":41}}],"line":13},"2":{"loc":{"start":{"line":24,"column":2},"end":{"line":24,"column":42}},"type":"if","locations":[{"start":{"line":24,"column":2},"end":{"line":24,"column":42}},{"start":{"line":24,"column":2},"end":{"line":24,"column":42}}],"line":24},"3":{"loc":{"start":{"line":24,"column":6},"end":{"line":24,"column":32}},"type":"binary-expr","locations":[{"start":{"line":24,"column":6},"end":{"line":24,"column":17}},{"start":{"line":24,"column":21},"end":{"line":24,"column":32}}],"line":24},"4":{"loc":{"start":{"line":25,"column":2},"end":{"line":25,"column":59}},"type":"if","locations":[{"start":{"line":25,"column":2},"end":{"line":25,"column":59}},{"start":{"line":25,"column":2},"end":{"line":25,"column":59}}],"line":25},"5":{"loc":{"start":{"line":33,"column":2},"end":{"line":33,"column":42}},"type":"if","locations":[{"start":{"line":33,"column":2},"end":{"line":33,"column":42}},{"start":{"line":33,"column":2},"end":{"line":33,"column":42}}],"line":33},"6":{"loc":{"start":{"line":33,"column":6},"end":{"line":33,"column":32}},"type":"binary-expr","locations":[{"start":{"line":33,"column":6},"end":{"line":33,"column":17}},{"start":{"line":33,"column":21},"end":{"line":33,"column":32}}],"line":33},"7":{"loc":{"start":{"line":34,"column":2},"end":{"line":34,"column":60}},"type":"if","locations":[{"start":{"line":34,"column":2},"end":{"line":34,"column":60}},{"start":{"line":34,"column":2},"end":{"line":34,"column":60}}],"line":34}},"s":{"0":26,"1":26,"2":26,"3":26,"4":5,"5":21,"6":4,"7":17,"8":17,"9":17,"10":153,"11":17,"12":17,"13":3,"14":17,"15":7,"16":10,"17":10,"18":10,"19":100,"20":10,"21":10,"22":2,"23":10,"24":1,"25":9,"26":9},"f":{"0":26},"b":{"0":[5,21],"1":[4,17],"2":[3,14],"3":[17,14],"4":[7,10],"5":[2,8],"6":[10,8],"7":[1,9]},"_coverageSchema":"43e27e138ebf9cfc5966b082cf9a028302ed4184","hash":"6a8a312dedaf5e777c09e0331288b7dde39ef506"}
,"/Users/giovanni.spolidorio/Documents/Projects/Flux/flux-validator-js/validations/cpfCnpj.js": {"path":"/Users/giovanni.spolidorio/Documents/Projects/Flux/flux-validator-js/validations/cpfCnpj.js","statementMap":{"0":{"start":{"line":5,"column":14},"end":{"line":8,"column":3}},"1":{"start":{"line":10,"column":2},"end":{"line":10,"column":65}},"2":{"start":{"line":11,"column":2},"end":{"line":11,"column":14}}},"fnMap":{"0":{"name":"(anonymous_0)","decl":{"start":{"line":4,"column":15},"end":{"line":4,"column":16}},"loc":{"start":{"line":4,"column":32},"end":{"line":12,"column":1}},"line":4}},"branchMap":{"0":{"loc":{"start":{"line":10,"column":16},"end":{"line":10,"column":65}},"type":"binary-expr","locations":[{"start":{"line":10,"column":16},"end":{"line":10,"column":38}},{"start":{"line":10,"column":42},"end":{"line":10,"column":65}}],"line":10}},"s":{"0":15,"1":15,"2":15},"f":{"0":15},"b":{"0":[15,12]},"_coverageSchema":"43e27e138ebf9cfc5966b082cf9a028302ed4184","hash":"5bdff1780f2a8d85bb1e8392c03f3e5d9d1c7876"}
,"/Users/giovanni.spolidorio/Documents/Projects/Flux/flux-validator-js/validations/date.js": {"path":"/Users/giovanni.spolidorio/Documents/Projects/Flux/flux-validator-js/validations/date.js","statementMap":{"0":{"start":{"line":2,"column":14},"end":{"line":5,"column":3}},"1":{"start":{"line":7,"column":13},"end":{"line":7,"column":42}},"2":{"start":{"line":8,"column":2},"end":{"line":8,"column":30}},"3":{"start":{"line":9,"column":2},"end":{"line":9,"column":14}}},"fnMap":{"0":{"name":"(anonymous_0)","decl":{"start":{"line":1,"column":15},"end":{"line":1,"column":16}},"loc":{"start":{"line":1,"column":32},"end":{"line":10,"column":1}},"line":1}},"branchMap":{},"s":{"0":6,"1":6,"2":6,"3":6},"f":{"0":6},"b":{},"_coverageSchema":"43e27e138ebf9cfc5966b082cf9a028302ed4184","hash":"a3d0edaf184b6630a8b3e6800749c13f1c2088c8"}
,"/Users/giovanni.spolidorio/Documents/Projects/Flux/flux-validator-js/validations/email.js": {"path":"/Users/giovanni.spolidorio/Documents/Projects/Flux/flux-validator-js/validations/email.js","statementMap":{"0":{"start":{"line":2,"column":13},"end":{"line":2,"column":164}},"1":{"start":{"line":3,"column":14},"end":{"line":6,"column":3}},"2":{"start":{"line":7,"column":2},"end":{"line":7,"column":30}},"3":{"start":{"line":8,"column":2},"end":{"line":8,"column":14}}},"fnMap":{"0":{"name":"(anonymous_0)","decl":{"start":{"line":1,"column":15},"end":{"line":1,"column":16}},"loc":{"start":{"line":1,"column":32},"end":{"line":9,"column":1}},"line":1}},"branchMap":{},"s":{"0":15,"1":15,"2":15,"3":15},"f":{"0":15},"b":{},"_coverageSchema":"43e27e138ebf9cfc5966b082cf9a028302ed4184","hash":"0a2fc2c1bd31188a91bc7c7e0d294bbd6e40e253"}
,"/Users/giovanni.spolidorio/Documents/Projects/Flux/flux-validator-js/validations/fileSize.js": {"path":"/Users/giovanni.spolidorio/Documents/Projects/Flux/flux-validator-js/validations/fileSize.js","statementMap":{"0":{"start":{"line":3,"column":2},"end":{"line":3,"column":31}},"1":{"start":{"line":3,"column":19},"end":{"line":3,"column":31}},"2":{"start":{"line":5,"column":14},"end":{"line":8,"column":3}},"3":{"start":{"line":9,"column":16},"end":{"line":9,"column":27}},"4":{"start":{"line":10,"column":2},"end":{"line":10,"column":28}}},"fnMap":{"0":{"name":"(anonymous_0)","decl":{"start":{"line":2,"column":15},"end":{"line":2,"column":16}},"loc":{"start":{"line":2,"column":32},"end":{"line":11,"column":1}},"line":2}},"branchMap":{"0":{"loc":{"start":{"line":3,"column":2},"end":{"line":3,"column":31}},"type":"if","locations":[{"start":{"line":3,"column":2},"end":{"line":3,"column":31}},{"start":{"line":3,"column":2},"end":{"line":3,"column":31}}],"line":3}},"s":{"0":5,"1":1,"2":4,"3":4,"4":4},"f":{"0":5},"b":{"0":[1,4]},"_coverageSchema":"43e27e138ebf9cfc5966b082cf9a028302ed4184","hash":"867451925332fc031255d93719bb3c11be77a1d0"}
,"/Users/giovanni.spolidorio/Documents/Projects/Flux/flux-validator-js/validations/fileType.js": {"path":"/Users/giovanni.spolidorio/Documents/Projects/Flux/flux-validator-js/validations/fileType.js","statementMap":{"0":{"start":{"line":2,"column":13},"end":{"line":2,"column":45}},"1":{"start":{"line":3,"column":14},"end":{"line":6,"column":3}},"2":{"start":{"line":8,"column":2},"end":{"line":8,"column":28}}},"fnMap":{"0":{"name":"(anonymous_0)","decl":{"start":{"line":1,"column":15},"end":{"line":1,"column":16}},"loc":{"start":{"line":1,"column":26},"end":{"line":9,"column":1}},"line":1}},"branchMap":{},"s":{"0":7,"1":7,"2":7},"f":{"0":7},"b":{},"_coverageSchema":"43e27e138ebf9cfc5966b082cf9a028302ed4184","hash":"a376014cc84a7935675a8ec5197b8715ee7be969"}
,"/Users/giovanni.spolidorio/Documents/Projects/Flux/flux-validator-js/validations/letter.js": {"path":"/Users/giovanni.spolidorio/Documents/Projects/Flux/flux-validator-js/validations/letter.js","statementMap":{"0":{"start":{"line":4,"column":14},"end":{"line":7,"column":3}},"1":{"start":{"line":9,"column":13},"end":{"line":9,"column":27}},"2":{"start":{"line":10,"column":15},"end":{"line":10,"column":44}},"3":{"start":{"line":11,"column":2},"end":{"line":11,"column":31}},"4":{"start":{"line":12,"column":2},"end":{"line":12,"column":14}}},"fnMap":{"0":{"name":"(anonymous_0)","decl":{"start":{"line":3,"column":15},"end":{"line":3,"column":16}},"loc":{"start":{"line":3,"column":32},"end":{"line":13,"column":1}},"line":3}},"branchMap":{},"s":{"0":18,"1":18,"2":18,"3":18,"4":18},"f":{"0":18},"b":{},"_coverageSchema":"43e27e138ebf9cfc5966b082cf9a028302ed4184","hash":"ac74a6aacde1a43767f9a672fde79b5157e76776"}
,"/Users/giovanni.spolidorio/Documents/Projects/Flux/flux-validator-js/validations/number.js": {"path":"/Users/giovanni.spolidorio/Documents/Projects/Flux/flux-validator-js/validations/number.js","statementMap":{"0":{"start":{"line":4,"column":14},"end":{"line":7,"column":3}},"1":{"start":{"line":9,"column":13},"end":{"line":9,"column":23}},"2":{"start":{"line":10,"column":12},"end":{"line":10,"column":41}},"3":{"start":{"line":12,"column":2},"end":{"line":12,"column":28}},"4":{"start":{"line":13,"column":2},"end":{"line":13,"column":14}}},"fnMap":{"0":{"name":"(anonymous_0)","decl":{"start":{"line":3,"column":15},"end":{"line":3,"column":16}},"loc":{"start":{"line":3,"column":32},"end":{"line":14,"column":1}},"line":3}},"branchMap":{},"s":{"0":23,"1":23,"2":23,"3":23,"4":23},"f":{"0":23},"b":{},"_coverageSchema":"43e27e138ebf9cfc5966b082cf9a028302ed4184","hash":"24d3c5d1408dc27b222977d19128a1a336afc28c"}
,"/Users/giovanni.spolidorio/Documents/Projects/Flux/flux-validator-js/validations/phone.js": {"path":"/Users/giovanni.spolidorio/Documents/Projects/Flux/flux-validator-js/validations/phone.js","statementMap":{"0":{"start":{"line":4,"column":14},"end":{"line":7,"column":3}},"1":{"start":{"line":9,"column":13},"end":{"line":9,"column":98}},"2":{"start":{"line":10,"column":14},"end":{"line":10,"column":45}},"3":{"start":{"line":11,"column":2},"end":{"line":11,"column":39}},"4":{"start":{"line":13,"column":2},"end":{"line":13,"column":30}},"5":{"start":{"line":14,"column":2},"end":{"line":14,"column":14}}},"fnMap":{"0":{"name":"(anonymous_0)","decl":{"start":{"line":3,"column":15},"end":{"line":3,"column":16}},"loc":{"start":{"line":3,"column":32},"end":{"line":15,"column":1}},"line":3}},"branchMap":{},"s":{"0":11,"1":11,"2":11,"3":11,"4":11,"5":11},"f":{"0":11},"b":{},"_coverageSchema":"43e27e138ebf9cfc5966b082cf9a028302ed4184","hash":"1f58d068901ea13d4bbd190855cba39604c666e1"}
,"/Users/giovanni.spolidorio/Documents/Projects/Flux/flux-validator-js/validations/regex.js": {"path":"/Users/giovanni.spolidorio/Documents/Projects/Flux/flux-validator-js/validations/regex.js","statementMap":{"0":{"start":{"line":2,"column":11},"end":{"line":2,"column":32}},"1":{"start":{"line":3,"column":14},"end":{"line":6,"column":3}},"2":{"start":{"line":8,"column":2},"end":{"line":8,"column":38}},"3":{"start":{"line":9,"column":2},"end":{"line":9,"column":14}}},"fnMap":{"0":{"name":"(anonymous_0)","decl":{"start":{"line":1,"column":15},"end":{"line":1,"column":16}},"loc":{"start":{"line":1,"column":39},"end":{"line":10,"column":1}},"line":1}},"branchMap":{},"s":{"0":3,"1":3,"2":3,"3":3},"f":{"0":3},"b":{},"_coverageSchema":"43e27e138ebf9cfc5966b082cf9a028302ed4184","hash":"3292304ad8e5692162a9be5cb968482ce55b8b5b"}
,"/Users/giovanni.spolidorio/Documents/Projects/Flux/flux-validator-js/validations/renavam.js": {"path":"/Users/giovanni.spolidorio/Documents/Projects/Flux/flux-validator-js/validations/renavam.js","statementMap":{"0":{"start":{"line":4,"column":14},"end":{"line":7,"column":3}},"1":{"start":{"line":9,"column":16},"end":{"line":9,"column":47}},"2":{"start":{"line":10,"column":2},"end":{"line":10,"column":43}},"3":{"start":{"line":12,"column":2},"end":{"line":12,"column":62}},"4":{"start":{"line":12,"column":50},"end":{"line":12,"column":62}},"5":{"start":{"line":14,"column":2},"end":{"line":14,"column":29}},"6":{"start":{"line":15,"column":12},"end":{"line":15,"column":13}},"7":{"start":{"line":16,"column":17},"end":{"line":16,"column":18}},"8":{"start":{"line":17,"column":12},"end":{"line":17,"column":13}},"9":{"start":{"line":18,"column":8},"end":{"line":18,"column":9}},"10":{"start":{"line":19,"column":2},"end":{"line":22,"column":3}},"11":{"start":{"line":19,"column":15},"end":{"line":19,"column":16}},"12":{"start":{"line":20,"column":4},"end":{"line":20,"column":25}},"13":{"start":{"line":21,"column":4},"end":{"line":21,"column":7}},"14":{"start":{"line":23,"column":2},"end":{"line":23,"column":23}},"15":{"start":{"line":25,"column":2},"end":{"line":29,"column":3}},"16":{"start":{"line":26,"column":4},"end":{"line":26,"column":13}},"17":{"start":{"line":28,"column":4},"end":{"line":28,"column":22}},"18":{"start":{"line":31,"column":2},"end":{"line":35,"column":3}},"19":{"start":{"line":32,"column":4},"end":{"line":32,"column":23}},"20":{"start":{"line":34,"column":4},"end":{"line":34,"column":22}},"21":{"start":{"line":37,"column":2},"end":{"line":37,"column":14}}},"fnMap":{"0":{"name":"(anonymous_0)","decl":{"start":{"line":3,"column":15},"end":{"line":3,"column":16}},"loc":{"start":{"line":3,"column":32},"end":{"line":38,"column":1}},"line":3}},"branchMap":{"0":{"loc":{"start":{"line":12,"column":2},"end":{"line":12,"column":62}},"type":"if","locations":[{"start":{"line":12,"column":2},"end":{"line":12,"column":62}},{"start":{"line":12,"column":2},"end":{"line":12,"column":62}}],"line":12},"1":{"loc":{"start":{"line":12,"column":6},"end":{"line":12,"column":48}},"type":"binary-expr","locations":[{"start":{"line":12,"column":6},"end":{"line":12,"column":25}},{"start":{"line":12,"column":29},"end":{"line":12,"column":48}}],"line":12},"2":{"loc":{"start":{"line":25,"column":2},"end":{"line":29,"column":3}},"type":"if","locations":[{"start":{"line":25,"column":2},"end":{"line":29,"column":3}},{"start":{"line":25,"column":2},"end":{"line":29,"column":3}}],"line":25},"3":{"loc":{"start":{"line":25,"column":6},"end":{"line":25,"column":63}},"type":"binary-expr","locations":[{"start":{"line":25,"column":6},"end":{"line":25,"column":23}},{"start":{"line":25,"column":27},"end":{"line":25,"column":43}},{"start":{"line":25,"column":47},"end":{"line":25,"column":63}}],"line":25},"4":{"loc":{"start":{"line":31,"column":2},"end":{"line":35,"column":3}},"type":"if","locations":[{"start":{"line":31,"column":2},"end":{"line":35,"column":3}},{"start":{"line":31,"column":2},"end":{"line":35,"column":3}}],"line":31}},"s":{"0":7,"1":7,"2":7,"3":7,"4":3,"5":4,"6":4,"7":4,"8":4,"9":4,"10":4,"11":4,"12":16,"13":16,"14":4,"15":4,"16":2,"17":2,"18":4,"19":1,"20":3,"21":4},"f":{"0":7},"b":{"0":[3,4],"1":[7,7],"2":[2,2],"3":[4,4,3],"4":[1,3]},"_coverageSchema":"43e27e138ebf9cfc5966b082cf9a028302ed4184","hash":"ab166b062063e4a9ad280ac800a706eb8aa4a07d"}
,"/Users/giovanni.spolidorio/Documents/Projects/Flux/flux-validator-js/validations/required.js": {"path":"/Users/giovanni.spolidorio/Documents/Projects/Flux/flux-validator-js/validations/required.js","statementMap":{"0":{"start":{"line":4,"column":14},"end":{"line":7,"column":3}},"1":{"start":{"line":9,"column":2},"end":{"line":11,"column":3}},"2":{"start":{"line":10,"column":4},"end":{"line":10,"column":16}},"3":{"start":{"line":14,"column":2},"end":{"line":16,"column":3}},"4":{"start":{"line":15,"column":4},"end":{"line":15,"column":16}},"5":{"start":{"line":18,"column":2},"end":{"line":18,"column":45}},"6":{"start":{"line":19,"column":2},"end":{"line":19,"column":14}}},"fnMap":{"0":{"name":"(anonymous_0)","decl":{"start":{"line":3,"column":15},"end":{"line":3,"column":16}},"loc":{"start":{"line":3,"column":32},"end":{"line":20,"column":1}},"line":3}},"branchMap":{"0":{"loc":{"start":{"line":9,"column":2},"end":{"line":11,"column":3}},"type":"if","locations":[{"start":{"line":9,"column":2},"end":{"line":11,"column":3}},{"start":{"line":9,"column":2},"end":{"line":11,"column":3}}],"line":9},"1":{"loc":{"start":{"line":14,"column":2},"end":{"line":16,"column":3}},"type":"if","locations":[{"start":{"line":14,"column":2},"end":{"line":16,"column":3}},{"start":{"line":14,"column":2},"end":{"line":16,"column":3}}],"line":14}},"s":{"0":12,"1":12,"2":2,"3":10,"4":1,"5":9,"6":9},"f":{"0":12},"b":{"0":[2,10],"1":[1,9]},"_coverageSchema":"43e27e138ebf9cfc5966b082cf9a028302ed4184","hash":"86f2a024997c15c3de3db436b6894c171c097017"}
}
