TN:
SF:/Users/giovanni.spolidorio/Documents/Projects/Flux/flux-validator-js/utils/utils.js
FN:4,(anonymous_0)
FN:14,(anonymous_1)
FN:18,(anonymous_2)
FN:22,(anonymous_3)
FN:27,(anonymous_4)
FNF:5
FNH:5
FNDA:1,(anonymous_0)
FNDA:14,(anonymous_1)
FNDA:80,(anonymous_2)
FNDA:142,(anonymous_3)
FNDA:1,(anonymous_4)
DA:1,17
DA:5,1
DA:7,1
DA:8,48
DA:9,48
DA:11,1
DA:15,14
DA:19,80
DA:23,142
DA:24,141
DA:28,1
DA:29,1
DA:30,1
DA:31,1
DA:32,1
DA:33,1
DA:35,1
DA:36,1
DA:37,1
DA:38,1
DA:40,1
DA:41,1
DA:42,1
DA:43,1
DA:45,1
DA:46,1
DA:47,1
DA:48,1
DA:49,1
DA:51,1
DA:52,1
DA:53,1
DA:54,1
DA:56,1
DA:58,1
DA:60,1
DA:61,24
LF:37
LH:37
BRDA:15,0,0,14
BRDA:15,0,1,12
BRDA:23,1,0,1
BRDA:23,1,1,141
BRF:4
BRH:4
end_of_record
TN:
SF:/Users/giovanni.spolidorio/Documents/Projects/Flux/flux-validator-js/validations/carPlate.js
FN:6,(anonymous_0)
FNF:1
FNH:1
FNDA:14,(anonymous_0)
DA:7,14
DA:12,14
DA:13,14
DA:15,14
DA:17,11
DA:19,11
DA:20,11
DA:21,11
DA:22,11
DA:24,11
DA:25,2
DA:27,9
DA:28,1
DA:30,8
DA:31,1
DA:33,7
DA:34,1
DA:37,6
DA:38,6
LF:19
LH:19
BRDA:15,0,0,3
BRDA:15,0,1,11
BRDA:15,1,0,14
BRDA:15,1,1,14
BRDA:24,2,0,2
BRDA:24,2,1,9
BRDA:27,3,0,1
BRDA:27,3,1,8
BRDA:30,4,0,1
BRDA:30,4,1,7
BRDA:33,5,0,1
BRDA:33,5,1,6
BRF:12
BRH:12
end_of_record
TN:
SF:/Users/giovanni.spolidorio/Documents/Projects/Flux/flux-validator-js/validations/cep.js
FN:3,(anonymous_0)
FNF:1
FNH:1
FNDA:7,(anonymous_0)
DA:4,7
DA:9,7
DA:10,7
DA:12,7
DA:13,7
LF:5
LH:5
BRF:0
BRH:0
end_of_record
TN:
SF:/Users/giovanni.spolidorio/Documents/Projects/Flux/flux-validator-js/validations/cnh.js
FN:3,(anonymous_0)
FNF:1
FNH:1
FNDA:9,(anonymous_0)
DA:4,9
DA:8,9
DA:9,9
DA:11,9
DA:12,8
DA:14,7
DA:15,7
DA:16,63
DA:19,7
DA:20,7
DA:21,1
DA:22,1
DA:25,7
DA:26,7
DA:27,63
DA:30,7
DA:31,7
DA:33,7
DA:34,7
LF:19
LH:19
BRDA:11,0,0,1
BRDA:11,0,1,8
BRDA:11,1,0,9
BRDA:11,1,1,9
BRDA:12,2,0,1
BRDA:12,2,1,7
BRDA:20,3,0,1
BRDA:20,3,1,6
BRDA:31,4,0,1
BRDA:31,4,1,6
BRF:10
BRH:10
end_of_record
TN:
SF:/Users/giovanni.spolidorio/Documents/Projects/Flux/flux-validator-js/validations/cnpj.js
FN:3,(anonymous_0)
FN:19,(anonymous_1)
FNF:2
FNH:2
FNDA:25,(anonymous_0)
FNDA:18,(anonymous_1)
DA:4,25
DA:9,25
DA:10,25
DA:12,25
DA:13,13
DA:15,9
DA:16,9
DA:17,9
DA:18,9
DA:19,9
DA:20,18
DA:21,18
DA:22,18
DA:23,18
DA:25,18
DA:26,225
DA:27,225
DA:30,18
DA:31,18
DA:34,9
DA:35,9
LF:21
LH:21
BRDA:12,0,0,12
BRDA:12,0,1,13
BRDA:12,1,0,25
BRDA:12,1,1,24
BRDA:13,2,0,4
BRDA:13,2,1,9
BRDA:27,3,0,36
BRDA:27,3,1,189
BRDA:31,4,0,4
BRDA:31,4,1,14
BRDA:34,5,0,9
BRDA:34,5,1,9
BRF:12
BRH:12
end_of_record
TN:
SF:/Users/giovanni.spolidorio/Documents/Projects/Flux/flux-validator-js/validations/cpf.js
FN:3,(anonymous_0)
FNF:1
FNH:1
FNDA:26,(anonymous_0)
DA:4,26
DA:9,26
DA:10,26
DA:12,26
DA:13,21
DA:17,17
DA:19,17
DA:20,153
DA:22,17
DA:24,17
DA:25,17
DA:27,10
DA:28,10
DA:29,100
DA:31,10
DA:33,10
DA:34,10
DA:36,9
DA:37,9
LF:19
LH:19
BRDA:12,0,0,5
BRDA:12,0,1,21
BRDA:13,1,0,4
BRDA:13,1,1,17
BRDA:24,2,0,3
BRDA:24,2,1,14
BRDA:24,3,0,17
BRDA:24,3,1,14
BRDA:25,4,0,7
BRDA:25,4,1,10
BRDA:33,5,0,2
BRDA:33,5,1,8
BRDA:33,6,0,10
BRDA:33,6,1,8
BRDA:34,7,0,1
BRDA:34,7,1,9
BRF:16
BRH:16
end_of_record
TN:
SF:/Users/giovanni.spolidorio/Documents/Projects/Flux/flux-validator-js/validations/cpfCnpj.js
FN:4,(anonymous_0)
FNF:1
FNH:1
FNDA:15,(anonymous_0)
DA:5,15
DA:10,15
DA:11,15
LF:3
LH:3
BRDA:10,0,0,15
BRDA:10,0,1,12
BRF:2
BRH:2
end_of_record
TN:
SF:/Users/giovanni.spolidorio/Documents/Projects/Flux/flux-validator-js/validations/date.js
FN:1,(anonymous_0)
FNF:1
FNH:1
FNDA:6,(anonymous_0)
DA:2,6
DA:7,6
DA:8,6
DA:9,6
LF:4
LH:4
BRF:0
BRH:0
end_of_record
TN:
SF:/Users/giovanni.spolidorio/Documents/Projects/Flux/flux-validator-js/validations/email.js
FN:1,(anonymous_0)
FNF:1
FNH:1
FNDA:15,(anonymous_0)
DA:2,15
DA:3,15
DA:7,15
DA:8,15
LF:4
LH:4
BRF:0
BRH:0
end_of_record
TN:
SF:/Users/giovanni.spolidorio/Documents/Projects/Flux/flux-validator-js/validations/fileSize.js
FN:2,(anonymous_0)
FNF:1
FNH:1
FNDA:5,(anonymous_0)
DA:3,5
DA:5,4
DA:9,4
DA:10,4
LF:4
LH:4
BRDA:3,0,0,1
BRDA:3,0,1,4
BRF:2
BRH:2
end_of_record
TN:
SF:/Users/giovanni.spolidorio/Documents/Projects/Flux/flux-validator-js/validations/fileType.js
FN:1,(anonymous_0)
FNF:1
FNH:1
FNDA:7,(anonymous_0)
DA:2,7
DA:3,7
DA:8,7
LF:3
LH:3
BRF:0
BRH:0
end_of_record
TN:
SF:/Users/giovanni.spolidorio/Documents/Projects/Flux/flux-validator-js/validations/letter.js
FN:3,(anonymous_0)
FNF:1
FNH:1
FNDA:18,(anonymous_0)
DA:4,18
DA:9,18
DA:10,18
DA:11,18
DA:12,18
LF:5
LH:5
BRF:0
BRH:0
end_of_record
TN:
SF:/Users/giovanni.spolidorio/Documents/Projects/Flux/flux-validator-js/validations/number.js
FN:3,(anonymous_0)
FNF:1
FNH:1
FNDA:23,(anonymous_0)
DA:4,23
DA:9,23
DA:10,23
DA:12,23
DA:13,23
LF:5
LH:5
BRF:0
BRH:0
end_of_record
TN:
SF:/Users/giovanni.spolidorio/Documents/Projects/Flux/flux-validator-js/validations/phone.js
FN:3,(anonymous_0)
FNF:1
FNH:1
FNDA:11,(anonymous_0)
DA:4,11
DA:9,11
DA:10,11
DA:11,11
DA:13,11
DA:14,11
LF:6
LH:6
BRF:0
BRH:0
end_of_record
TN:
SF:/Users/giovanni.spolidorio/Documents/Projects/Flux/flux-validator-js/validations/regex.js
FN:1,(anonymous_0)
FNF:1
FNH:1
FNDA:3,(anonymous_0)
DA:2,3
DA:3,3
DA:8,3
DA:9,3
LF:4
LH:4
BRF:0
BRH:0
end_of_record
TN:
SF:/Users/giovanni.spolidorio/Documents/Projects/Flux/flux-validator-js/validations/renavam.js
FN:3,(anonymous_0)
FNF:1
FNH:1
FNDA:7,(anonymous_0)
DA:4,7
DA:9,7
DA:10,7
DA:12,7
DA:14,4
DA:15,4
DA:16,4
DA:17,4
DA:18,4
DA:19,4
DA:20,16
DA:21,16
DA:23,4
DA:25,4
DA:26,2
DA:28,2
DA:31,4
DA:32,1
DA:34,3
DA:37,4
LF:20
LH:20
BRDA:12,0,0,3
BRDA:12,0,1,4
BRDA:12,1,0,7
BRDA:12,1,1,7
BRDA:25,2,0,2
BRDA:25,2,1,2
BRDA:25,3,0,4
BRDA:25,3,1,4
BRDA:25,3,2,3
BRDA:31,4,0,1
BRDA:31,4,1,3
BRF:11
BRH:11
end_of_record
TN:
SF:/Users/giovanni.spolidorio/Documents/Projects/Flux/flux-validator-js/validations/required.js
FN:3,(anonymous_0)
FNF:1
FNH:1
FNDA:12,(anonymous_0)
DA:4,12
DA:9,12
DA:10,2
DA:14,10
DA:15,1
DA:18,9
DA:19,9
LF:7
LH:7
BRDA:9,0,0,2
BRDA:9,0,1,10
BRDA:14,1,0,1
BRDA:14,1,1,9
BRF:4
BRH:4
end_of_record
